生成启动时间为 2021-5-30 19:50:04。
     1>项目“D:\desktopthings\C++项目_2048游戏_电气2002班曾帅雄\2048游戏_曾帅雄\2048游戏_曾帅雄\2048游戏_曾帅雄.vcxproj”在节点 2 上(build 个目标)。
     1>InitializeBuildStatus:
         正在创建“Debug\2048游戏_曾帅雄.unsuccessfulbuild”，因为已指定“AlwaysCreate”。
       ClCompile:
         D:\Downloads\VC\bin\CL.exe /c /ZI /nologo /W3 /WX- /Od /Oy- /D WIN32 /D _DEBUG /D _CONSOLE /D _UNICODE /D UNICODE /Gm /EHsc /RTC1 /MDd /GS /fp:precise /Zc:wchar_t /Zc:forScope /Fo"Debug\\" /Fd"Debug\vc100.pdb" /Gd /TP /analyze- /errorReport:prompt "2048游戏_曾帅雄.cpp"
         2048游戏_曾帅雄.cpp
     1>d:\desktopthings\c++项目_2048游戏_电气2002班曾帅雄\2048游戏_曾帅雄\2048游戏_曾帅雄\control.h(41): warning C4018: “<”: 有符号/无符号不匹配
       ManifestResourceCompile:
         所有输出均为最新。
       Link:
         D:\Downloads\VC\bin\link.exe /ERRORREPORT:PROMPT /OUT:"D:\desktopthings\C++项目_2048游戏_电气2002班曾帅雄\2048游戏_曾帅雄\Debug\2048游戏_曾帅雄.exe" /INCREMENTAL /NOLOGO kernel32.lib user32.lib gdi32.lib winspool.lib comdlg32.lib advapi32.lib shell32.lib ole32.lib oleaut32.lib uuid.lib odbc32.lib odbccp32.lib /MANIFEST /ManifestFile:"Debug\2048游戏_曾帅雄.exe.intermediate.manifest" /MANIFESTUAC:"level='asInvoker' uiAccess='false'" /DEBUG /PDB:"D:\desktopthings\C++项目_2048游戏_电气2002班曾帅雄\2048游戏_曾帅雄\Debug\2048游戏_曾帅雄.pdb" /SUBSYSTEM:CONSOLE /TLBID:1 /DYNAMICBASE /NXCOMPAT /IMPLIB:"D:\desktopthings\C++项目_2048游戏_电气2002班曾帅雄\2048游戏_曾帅雄\Debug\2048游戏_曾帅雄.lib" /MACHINE:X86 "Debug\2048游戏_曾帅雄.exe.embed.manifest.res"
         "Debug\2048游戏_曾帅雄.obj"
       Manifest:
         C:\Program Files (x86)\Microsoft SDKs\Windows\v7.0A\bin\mt.exe /nologo /verbose /out:"Debug\2048游戏_曾帅雄.exe.embed.manifest" /manifest "Debug\2048游戏_曾帅雄.exe.intermediate.manifest"
         所有输出均为最新。
       LinkEmbedManifest:
         所有输出均为最新。
         2048游戏_曾帅雄.vcxproj -> D:\desktopthings\C++项目_2048游戏_电气2002班曾帅雄\2048游戏_曾帅雄\Debug\2048游戏_曾帅雄.exe
       FinalizeBuildStatus:
         正在删除文件“Debug\2048游戏_曾帅雄.unsuccessfulbuild”。
         正在对“Debug\2048游戏_曾帅雄.lastbuildstate”执行 Touch 任务。
     1>已完成生成项目“D:\desktopthings\C++项目_2048游戏_电气2002班曾帅雄\2048游戏_曾帅雄\2048游戏_曾帅雄\2048游戏_曾帅雄.vcxproj”(build 个目标)的操作。

生成成功。

已用时间 00:00:01.84
